Running settlement job
Running for 24 taskers
Running for tasker with id: acct_1SxXD92RwIj7zGCM
No bookings for Lorena Martínez
Running for tasker with id: acct_1Sxe8UE54feZJGfa
No bookings for Valeria Santana 
Running for tasker with id: acct_1T6fDsEL3wuFZowE
No bookings for Marcos Solano Orozco 
Running for tasker with id: acct_1THaoqE7Co0xlODQ
No bookings for Sergio Almanza
Running for tasker with id: acct_1T5F99CyF2zb63vY
No bookings for Mauro Ramon Gardea Gameros
Running for tasker with id: acct_1T6gprEInCZ3AeYq
No bookings for Luis ricardo hernandez Calderó
Running for tasker with id: acct_1T6h6CE79oz3n5a4
No bookings for Eduardo 
Running for tasker with id: acct_1T6gnIEC3dcGdRll
No bookings for Juan Raul Gardea Gameros
Running for tasker with id: acct_1T2ioBCgDShebvjW
No bookings for Jhon Doe
Running for tasker with id: acct_1SzKo4CXycFqfsGk
No bookings for Miguel Ortega 
Running for tasker with id: acct_1T2DVBCztV42o5fs
No bookings for Brayan 
Running for tasker with id: acct_1T6h0E2QFDOGVGuD
No bookings for Ernesto Pizarro diaz
Running for tasker with id: acct_1T7LpsEAhrESZKAd
No bookings for Regina
Running for tasker with id: acct_1TAEq3CnGRBkQaOa
No bookings for Ing Itsvan Terrazas
Running for tasker with id: acct_1TAEBPCY1CzM8lCe
No bookings for Karla Medina 
Running for tasker with id: acct_1TBILgChO9nAlJ46
No bookings for Isaac 
Running for tasker with id: acct_1TEgDzCcO3CubhxT
No bookings for Anabel salcido 
Running for tasker with id: acct_1TMCPiCf16lyGRHz
No bookings for Ángela Melissa Torres Arroyo
Running for tasker with id: acct_1TMCSmE6M0EiLTto
No bookings for Mariana
Running for tasker with id: acct_1TUdUoCWGZobhYC8
No bookings for Luis Garcia 
Running for tasker with id: acct_1TUAJWEPU5eMiffP
No bookings for Hazael bermudez cardona
Running for tasker with id: acct_1TUWtfCoJ4x6gwCY
No bookings for Joshua Saenz 
Running for tasker with id: acct_1TUYw3EHEouflOo5
No bookings for Monitor 
Running for tasker with id: acct_1TW60ACj9ZLS2qh9
No bookings for Eder Guillen Chacon 
